2019-08-30 16:19:00,303 - [ERROR] - from org.deeplearning4j.ui.play.PlayUIServer in main
                
Unknown error when starting UI server
org.jboss.netty.channel.ChannelException: Failed to bind to: /0.0.0.0:9000
	at org.jboss.netty.bootstrap.ServerBootstrap.bind(ServerBootstrap.java:272)
	at play.core.server.NettyServer$$anonfun$1.apply(NettyServer.scala:145)
	at play.core.server.NettyServer$$anonfun$1.apply(NettyServer.scala:142)
	at scala.Option.map(Option.scala:145)
	at play.core.server.NettyServer.<init>(NettyServer.scala:142)
	at play.core.server.NettyServerProvider.createServer(NettyServer.scala:213)
	at play.core.server.NettyServerProvider.createServer(NettyServer.scala:212)
	at play.core.server.ServerProvider$class.createServer(ServerProvider.scala:24)
	at play.core.server.NettyServerProvider.createServer(NettyServer.scala:212)
	at play.core.server.JavaServerHelper$.forRouter(Server.scala:155)
	at play.core.server.JavaServerHelper.forRouter(Server.scala)
	at play.server.Server.forRouter(Server.java:96)
	at org.deeplearning4j.ui.play.PlayUIServer.runMain(PlayUIServer.java:250)
	at org.deeplearning4j.ui.api.UIServer.getInstance(UIServer.java:67)
	at org.deeplearning4j.ui.api.UIServer.getInstance(UIServer.java:45)
	at drosa.finance.main.TestExperiments.main(TestExperiments.java:91)
Caused by: java.net.BindException: Address already in use: bind
	at sun.nio.ch.Net.bind0(Native Method)
	at sun.nio.ch.Net.bind(Unknown Source)
	at sun.nio.ch.Net.bind(Unknown Source)
	at sun.nio.ch.ServerSocketChannelImpl.bind(Unknown Source)
	at sun.nio.ch.ServerSocketAdaptor.bind(Unknown Source)
	at org.jboss.netty.channel.socket.nio.NioServerBoss$RegisterTask.run(NioServerBoss.java:193)
	at org.jboss.netty.channel.socket.nio.AbstractNioSelector.processTaskQueue(AbstractNioSelector.java:391)
	at org.jboss.netty.channel.socket.nio.AbstractNioSelector.run(AbstractNioSelector.java:315)
	at org.jboss.netty.channel.socket.nio.NioServerBoss.run(NioServerBoss.java:42)
	at org.jboss.netty.util.ThreadRenamingRunnable.run(ThreadRenamingRunnable.java:108)
	at org.jboss.netty.util.internal.DeadLockProofWorker$1.run(DeadLockProofWorker.java:42)
	at java.util.concurrent.ThreadPoolExecutor.runWorker(Unknown Source)
	at java.util.concurrent.ThreadPoolExecutor$Worker.run(Unknown Source)
	at java.lang.Thread.run(Unknown Source)

2019-08-30 16:23:16,943 - [ERROR] - from org.deeplearning4j.ui.play.PlayUIServer in main
                
Unknown error when starting UI server
org.jboss.netty.channel.ChannelException: Failed to bind to: /0.0.0.0:9000
	at org.jboss.netty.bootstrap.ServerBootstrap.bind(ServerBootstrap.java:272)
	at play.core.server.NettyServer$$anonfun$1.apply(NettyServer.scala:145)
	at play.core.server.NettyServer$$anonfun$1.apply(NettyServer.scala:142)
	at scala.Option.map(Option.scala:145)
	at play.core.server.NettyServer.<init>(NettyServer.scala:142)
	at play.core.server.NettyServerProvider.createServer(NettyServer.scala:213)
	at play.core.server.NettyServerProvider.createServer(NettyServer.scala:212)
	at play.core.server.ServerProvider$class.createServer(ServerProvider.scala:24)
	at play.core.server.NettyServerProvider.createServer(NettyServer.scala:212)
	at play.core.server.JavaServerHelper$.forRouter(Server.scala:155)
	at play.core.server.JavaServerHelper.forRouter(Server.scala)
	at play.server.Server.forRouter(Server.java:96)
	at org.deeplearning4j.ui.play.PlayUIServer.runMain(PlayUIServer.java:250)
	at org.deeplearning4j.ui.api.UIServer.getInstance(UIServer.java:67)
	at org.deeplearning4j.ui.api.UIServer.getInstance(UIServer.java:45)
	at drosa.finance.main.TestExperiments.main(TestExperiments.java:91)
Caused by: java.net.BindException: Address already in use: bind
	at sun.nio.ch.Net.bind0(Native Method)
	at sun.nio.ch.Net.bind(Unknown Source)
	at sun.nio.ch.Net.bind(Unknown Source)
	at sun.nio.ch.ServerSocketChannelImpl.bind(Unknown Source)
	at sun.nio.ch.ServerSocketAdaptor.bind(Unknown Source)
	at org.jboss.netty.channel.socket.nio.NioServerBoss$RegisterTask.run(NioServerBoss.java:193)
	at org.jboss.netty.channel.socket.nio.AbstractNioSelector.processTaskQueue(AbstractNioSelector.java:391)
	at org.jboss.netty.channel.socket.nio.AbstractNioSelector.run(AbstractNioSelector.java:315)
	at org.jboss.netty.channel.socket.nio.NioServerBoss.run(NioServerBoss.java:42)
	at org.jboss.netty.util.ThreadRenamingRunnable.run(ThreadRenamingRunnable.java:108)
	at org.jboss.netty.util.internal.DeadLockProofWorker$1.run(DeadLockProofWorker.java:42)
	at java.util.concurrent.ThreadPoolExecutor.runWorker(Unknown Source)
	at java.util.concurrent.ThreadPoolExecutor$Worker.run(Unknown Source)
	at java.lang.Thread.run(Unknown Source)

